<?xml version="1.0" encoding="UTF-8" ?>
<testsuite errors="1" failures="0" hostname="acer.n2kiq.dyndns.org" name="com.googlecode.iqapps.IQTimeSheetJTest.TimeSheetActivityTest" tests="1" time="0.0" timestamp="2012-04-08T01:33:35">
  <properties>
    <property name="env.DESKTOP_SESSION" value="gnome" />
    <property name="file.encoding.pkg" value="sun.io" />
    <property name="java.home" value="/usr/lib/jvm/java-1.6.0-openjdk-1.6.0.0.x86_64/jre" />
    <property name="env.XSCH_PARAM_NAME" value="/usr/lib64/alliance/etc/xsch.par" />
    <property name="env.GDM_LANG" value="en_US.utf8" />
    <property name="env.DISPLAY" value=":0.0" />
    <property name="env.LS_COLORS" value="rs=0:di=01;34:ln=01;36:mh=00:pi=40;33:so=01;35:do=01;35:bd=40;33;01:cd=40;33;01:or=40;31;01:mi=01;05;37;41:su=37;41:sg=30;43:ca=30;41:tw=30;42:ow=34;42:st=37;44:ex=01;32:*.tar=01;31:*.tgz=01;31:*.arj=01;31:*.taz=01;31:*.lzh=01;31:*.lzma=01;31:*.tlz=01;31:*.txz=01;31:*.zip=01;31:*.z=01;31:*.Z=01;31:*.dz=01;31:*.gz=01;31:*.lz=01;31:*.xz=01;31:*.bz2=01;31:*.tbz=01;31:*.tbz2=01;31:*.bz=01;31:*.tz=01;31:*.deb=01;31:*.rpm=01;31:*.jar=01;31:*.rar=01;31:*.ace=01;31:*.zoo=01;31:*.cpio=01;31:*.7z=01;31:*.rz=01;31:*.jpg=01;35:*.jpeg=01;35:*.gif=01;35:*.bmp=01;35:*.pbm=01;35:*.pgm=01;35:*.ppm=01;35:*.tga=01;35:*.xbm=01;35:*.xpm=01;35:*.tif=01;35:*.tiff=01;35:*.png=01;35:*.svg=01;35:*.svgz=01;35:*.mng=01;35:*.pcx=01;35:*.mov=01;35:*.mpg=01;35:*.mpeg=01;35:*.m2v=01;35:*.mkv=01;35:*.ogm=01;35:*.mp4=01;35:*.m4v=01;35:*.mp4v=01;35:*.vob=01;35:*.qt=01;35:*.nuv=01;35:*.wmv=01;35:*.asf=01;35:*.rm=01;35:*.rmvb=01;35:*.flc=01;35:*.avi=01;35:*.fli=01;35:*.flv=01;35:*.gl=01;35:*.dl=01;35:*.xcf=01;35:*.xwd=01;35:*.yuv=01;35:*.cgm=01;35:*.emf=01;35:*.axv=01;35:*.anx=01;35:*.ogv=01;35:*.ogx=01;35:*.aac=01;36:*.au=01;36:*.flac=01;36:*.mid=01;36:*.midi=01;36:*.mka=01;36:*.mp3=01;36:*.mpc=01;36:*.ogg=01;36:*.ra=01;36:*.wav=01;36:*.axa=01;36:*.oga=01;36:*.spx=01;36:*.xspf=01;36:" />
    <property name="env.XDG_SESSION_COOKIE" value="f9bcb95fed2521dfc119628e00000038-1333804191.907142-202073839" />
    <property name="env.MBK_CATAL_NAME" value="CATAL" />
    <property name="java.endorsed.dirs" value="/usr/lib/jvm/java-1.6.0-openjdk-1.6.0.0.x86_64/jre/lib/endorsed" />
    <property name="env.LOGNAME" value="kronenpj" />
    <property name="env.USERNAME" value="kronenpj" />
    <property name="debuglevel" value="source,lines,vars" />
    <property name="ECLIPSE_HOME" value="/opt/eclipse" />
    <property name="env.SESSION_MANAGER" value="local/unix:@/tmp/.ICE-unix/4640,unix/unix:/tmp/.ICE-unix/4640" />
    <property name="env.KDEDIRS" value="/usr" />
    <property name="sun.os.patch.level" value="unknown" />
    <property name="java.vendor.url" value="http://java.sun.com/" />
    <property name="IQTimeSheet.location" value="../TimeSheetProject" />
    <property name="env.G_BROKEN_FILENAMES" value="1" />
    <property name="java.version" value="1.6.0_22" />
    <property name="env.ORBIT_SOCKETDIR" value="/tmp/orbit-kronenpj" />
    <property name="env.MBK_IN_PH" value="ap" />
    <property name="env.XTERM_VERSION" value="X.Org 6.8.99.903(253)" />
    <property name="env.EC2_URL" value="http://173.205.188.130:8773/services/Eucalyptus" />
    <property name="java.vendor.url.bug" value="http://java.sun.com/cgi-bin/bugreport.cgi" />
    <property name="ant.project.invoked-targets" value="IQTimeSheetJTestConfig" />
    <property name="env.GREP_OPTIONS" value="--exclude-dir=.svn" />
    <property name="user.name" value="kronenpj" />
    <property name="env.LANG" value="en_US.utf8" />
    <property name="env.CVS_RSH" value="ssh" />
    <property name="sun.io.unicode.encoding" value="UnicodeLittle" />
    <property name="sun.jnu.encoding" value="UTF-8" />
    <property name="env.DBUS_SESSION_BUS_ADDRESS" value="unix:abstract=/tmp/dbus-TcGYirPBwM,guid=51229159772edd2071b7c06100000080" />
    <property name="env.MBK_WORK_LIB" value="." />
    <property name="java.runtime.name" value="OpenJDK Runtime Environment" />
    <property name="env.EC2_JVM_ARGS" value="-Djavax.net.ssl.trustStore=/home/kronenpj/.euca/jssecacerts" />
    <property name="env.SSH_ASKPASS" value="/usr/libexec/openssh/gnome-ssh-askpass" />
    <property name="env.VH_MAXERR" value="10" />
    <property name="java.specification.name" value="Java Platform API Specification" />
    <property name="env.EC2_CERT" value="/home/kronenpj/.euca/euca2-kronenpj-c0b3f3ed-cert.pem" />
    <property name="user.timezone" value="" />
    <property name="env.LESSOPEN" value="|/usr/bin/lesspipe.sh %s" />
    <property name="path.separator" value=":" />
    <property name="ant.file.IQTimeSheetJTest" value="/home/kronenpj/src/svn/iqapps/TimeSheetProjectJTest/build.xml" />
    <property name="env.MBK_VDD" value="vdd" />
    <property name="env.XTERM_SHELL" value="/bin/bash" />
    <property name="env.XMODIFIERS" value="@im=none" />
    <property name="file.encoding" value="UTF-8" />
    <property name="test.link" value="../TimeSheetProject/test" />
    <property name="ant.project.default-target" value="build" />
    <property name="env.HOME" value="/home/kronenpj" />
    <property name="sun.java.command" value="org.apache.tools.ant.launch.Launcher -cp  IQTimeSheetJTestConfig" />
    <property name="env.MANPATH" value=":/usr/lib64/alliance/man:/usr/local/share/man:/usr/share/man/overrides:/usr/share/man/en:/usr/share/man:/usr/lib64/alliance/man:/usr/man:/usr/lib64/alliance/man:/usr/lib64/alliance/man" />
    <property name="env.CCACHE_UMASK" value="002" />
    <property name="env.MBK_C4_LIB" value="./cellsC4" />
    <property name="ant.file" value="/home/kronenpj/src/svn/iqapps/TimeSheetProjectJTest/build.xml" />
    <property name="env.GTK_RC_FILES" value="/etc/gtk/gtkrc:/home/kronenpj/.gtkrc-1.2-gnome2" />
    <property name="env.HOSTNAME" value="acer.n2kiq.dyndns.org" />
    <property name="env.XFSM_PARAM_NAME" value="/usr/lib64/alliance/etc/xfsm.par" />
    <property name="java.io.tmpdir" value="/tmp" />
    <property name="env.GNOME_KEYRING_PID" value="4629" />
    <property name="user.language" value="en" />
    <property name="env.HISTCONTROL" value="ignoredups" />
    <property name="line.separator" value="&#xa;" />
    <property name="target" value="1.6" />
    <property name="ant.file.type" value="file" />
    <property name="env.HISTSIZE" value="1000" />
    <property name="ant.file.type.IQTimeSheetJTest" value="file" />
    <property name="env.HTTP_PROXY" value="http://localhost:3128/" />
    <property name="env.DREAL_TECHNO_NAME" value="/usr/lib64/alliance/etc/cmos.dreal" />
    <property name="java.vm.info" value="mixed mode" />
    <property name="source" value="1.6" />
    <property name="sun.desktop" value="gnome" />
    <property name="java.vm.specification.name" value="Java Virtual Machine Specification" />
    <property name="env.XTERM_LOCALE" value="en_US.utf8" />
    <property name="env.MBK_OUT_PH" value="ap" />
    <property name="env.MBK_IN_LO" value="vst" />
    <property name="env.GDMSESSION" value="gnome" />
    <property name="java.awt.printerjob" value="sun.print.PSPrinterJob" />
    <property name="env.STY" value="5217.pts-0.acer" />
    <property name="env.MBK_SCALE_X" value="100" />
    <property name="env.FTP_PROXY" value="http://localhost:3128/" />
    <property name="ant.version" value="Apache Ant(TM) version 1.8.2 compiled on January 17 2012" />
    <property name="env.WINDOWID" value="48234530" />
    <property name="env.RDS_TECHNO_NAME" value="/usr/lib64/alliance/etc/cmos.rds" />
    <property name="os.name" value="Linux" />
    <property name="java.specification.vendor" value="Sun Microsystems Inc." />
    <property name="env.TERM" value="screen" />
    <property name="java.vm.name" value="OpenJDK 64-Bit Server VM" />
    <property name="env.RDS_OUT" value="cif" />
    <property name="env.QT_IM_MODULE" value="xim" />
    <property name="java.library.path" value="/usr/lib/jvm/java-1.6.0-openjdk-1.6.0.0.x86_64/jre/lib/amd64/server:/usr/lib/jvm/java-1.6.0-openjdk-1.6.0.0.x86_64/jre/lib/amd64:/usr/lib/jvm/java-1.6.0-openjdk-1.6.0.0.x86_64/jre/../lib/amd64:/usr/lib64/alliance/lib:/usr/java/packages/lib/amd64:/usr/lib64:/lib64:/lib:/usr/lib" />
    <property name="env.PATH" value="/usr/lib64/qt-3.3/bin:/usr/lib64/ccache:/usr/local/bin:/usr/bin:/bin:/usr/local/sbin:/usr/sbin:/sbin:/usr/lib64/alliance/bin:/opt/android-sdk-linux_x86/platform-tools:/opt/eclipse:/usr/libexec/sdcc:/home/kronenpj/bin:/usr/sbin:/sbin:.:/home/kronenpj/bin:/usr/lib64/alliance/bin:/opt/android-sdk-linux_x86/platform-tools:/opt/eclipse:/usr/libexec/sdcc:/usr/sbin:/sbin:.:/home/kronenpj/bin:/usr/lib64/alliance/bin:/opt/android-sdk-linux_x86/platform-tools:/opt/eclipse:/usr/libexec/sdcc" />
    <property name="ant.java.version" value="1.6" />
    <property name="basedir" value="/home/kronenpj/src/svn/iqapps/TimeSheetProjectJTest" />
    <property name="java.class.version" value="50.0" />
    <property name="env.SHLVL" value="3" />
    <property name="env.LD_LIBRARY_PATH" value="/usr/lib/jvm/java-1.6.0-openjdk-1.6.0.0.x86_64/jre/lib/amd64/server:/usr/lib/jvm/java-1.6.0-openjdk-1.6.0.0.x86_64/jre/lib/amd64:/usr/lib/jvm/java-1.6.0-openjdk-1.6.0.0.x86_64/jre/../lib/amd64:/usr/lib64/alliance/lib" />
    <property name="env.TPD_LOCAL" value="/home/kronenpj" />
    <property name="ant.home" value="/usr/share/ant" />
    <property name="env.VH_BEHSFX" value="vbe" />
    <property name="env.GNOME_KEYRING_SOCKET" value="/tmp/keyring-GEaVad/socket" />
    <property name="env.EC2_ACCESS_KEY" value="heSRV4CveI4ZtGWzdNBK4VCSVtQQNr0HXYQ" />
    <property name="env.EC2_USER_ID" value="339620379587884435718396090872511267087" />
    <property name="sun.boot.library.path" value="/usr/lib/jvm/java-1.6.0-openjdk-1.6.0.0.x86_64/jre/lib/amd64" />
    <property name="sun.management.compiler" value="HotSpot 64-Bit Tiered Compilers" />
    <property name="workspace_loc:IQTimeSheet" value="../TimeSheetProject" />
    <property name="java.awt.graphicsenv" value="sun.awt.X11GraphicsEnvironment" />
    <property name="env.USER" value="kronenpj" />
    <property name="ant.project.name" value="IQTimeSheetJTest" />
    <property name="env.ELP_TECHNO_NAME" value="/usr/lib64/alliance/etc/prol.elp" />
    <property name="java.vm.specification.version" value="1.0" />
    <property name="env.KDE_IS_PRELINKED" value="1" />
    <property name="env.GDM_KEYBOARD_LAYOUT" value="us" />
    <property name="env.GENVIEW_TECHNO_NAME" value="/usr/lib64/alliance/etc/cmos.genview" />
    <property name="env.NLSPATH" value="/usr/dt/lib/nls/msg/%L/%N.cat" />
    <property name="env.MBK_SPI_MODEL" value="/usr/lib64/alliance/etc/spimodel.cfg" />
    <property name="sun.cpu.isalist" value="" />
    <property name="java.ext.dirs" value="/usr/lib/jvm/java-1.6.0-openjdk-1.6.0.0.x86_64/jre/lib/ext:/usr/java/packages/lib/ext" />
    <property name="os.version" value="2.6.32-220.7.1.el6.centos.plus.x86_64" />
    <property name="env.MBK_OUT_LO" value="vst" />
    <property name="user.home" value="/home/kronenpj" />
    <property name="java.vm.vendor" value="Sun Microsystems Inc." />
    <property name="env.MBK_TARGET_LIB" value="/usr/lib64/alliance/cells/sxlib" />
    <property name="env.RDS_IN" value="cif" />
    <property name="env.ftp_proxy" value="http://localhost:3128/" />
    <property name="junit.output.dir" value="junit" />
    <property name="env.XAUTHORITY" value="/var/run/gdm/auth-for-kronenpj-cqUUZ0/database" />
    <property name="user.dir" value="/home/kronenpj/src/svn/iqapps/TimeSheetProjectJTest" />
    <property name="env.XFILESEARCHPATH" value="/usr/dt/app-defaults/%L/Dt" />
    <property name="env.WINDOWPATH" value="1" />
    <property name="env.S3_URL" value="http://173.205.188.130:8773/services/Walrus" />
    <property name="env.MAIL" value="/var/spool/mail/kronenpj" />
    <property name="env.PWD" value="/home/kronenpj/src/svn/iqapps/TimeSheetProjectJTest" />
    <property name="env.WINDOW" value="0" />
    <property name="env.CCACHE_DIR" value="/var/cache/ccache" />
    <property name="sun.cpu.endian" value="little" />
    <property name="env.GRAAL_TECHNO_NAME" value="/usr/lib64/alliance/etc/cmos.graal" />
    <property name="env.QTLIB" value="/usr/lib64/qt-3.3/lib" />
    <property name="env.VH_DLYSFX" value="dly" />
    <property name="env.MBK_CATA_LIB" value=".:/usr/lib64/alliance/cells/sxlib:/usr/lib64/alliance/cells/dp_sxlib:/usr/lib64/alliance/cells/rflib:/usr/lib64/alliance/cells/rf2lib:/usr/lib64/alliance/cells/ramlib:/usr/lib64/alliance/cells/romlib:/usr/lib64/alliance/cells/pxlib:/usr/lib64/alliance/cells/padlib" />
    <property name="java.vm.version" value="20.0-b11" />
    <property name="java.class.path" value="/usr/share/java/ant.jar:/usr/share/java/ant-launcher.jar:/usr/share/java/jaxp_parser_impl.jar:/usr/share/java/xml-commons-apis.jar:/usr/share/java/ant/ant-contrib.jar:/usr/share/java/antlr.jar:/usr/share/java/ant/ant-antlr.jar:/usr/share/java/bcel.jar:/usr/share/java/ant/ant-apache-bcel.jar:/usr/share/java/bsf.jar:/usr/share/java/ant/ant-apache-bsf.jar:/usr/share/java/log4j.jar:/usr/share/java/ant/ant-apache-log4j.jar:/usr/share/java/oro.jar:/usr/share/java/ant/ant-apache-oro.jar:/usr/share/java/regexp.jar:/usr/share/java/ant/ant-apache-regexp.jar:/usr/share/java/xml-commons-resolver.jar:/usr/share/java/ant/ant-apache-resolver.jar:/usr/share/java/xalan-j2.jar:/usr/share/java/xalan-j2-serializer.jar:/usr/share/java/ant/ant-apache-xalan2.jar:/usr/share/java/jakarta-commons-logging.jar:/usr/share/java/ant/ant-commons-logging.jar:/usr/share/java/jakarta-commons-net.jar:/usr/share/java/ant/ant-commons-net.jar:/usr/share/java/javamail.jar:/usr/share/java/jaf.jar:/usr/share/java/ant/ant-javamail.jar:/usr/share/java/jdepend.jar:/usr/share/java/ant/ant-jdepend.jar:/usr/share/java/ant/ant-jmf.jar:/usr/share/java/jsch.jar:/usr/share/java/ant/ant-jsch.jar:/usr/share/java/junit.jar:/usr/share/java/ant/ant-junit.jar:/usr/share/java/ant/ant-swing.jar:/usr/share/java/ant/ant-testutil.jar:/usr/lib/jvm/java/lib/tools.jar:/usr/share/ant/lib/ant-jdepend.jar:/usr/share/ant/lib/ant-commons-net.jar:/usr/share/ant/lib/ant-swing.jar:/usr/share/ant/lib/ant.jar:/usr/share/ant/lib/ant-apache-log4j.jar:/usr/share/ant/lib/ant-antlr.jar:/usr/share/ant/lib/ant-launcher.jar:/usr/share/ant/lib/ant-apache-resolver.jar:/usr/share/ant/lib/ant-apache-bsf.jar:/usr/share/ant/lib/ant-apache-bcel.jar:/usr/share/ant/lib/ant-javamail.jar:/usr/share/ant/lib/ant-jmf.jar:/usr/share/ant/lib/ant-junit.jar:/usr/share/ant/lib/ant-apache-xalan2.jar:/usr/share/ant/lib/ant-apache-oro.jar:/usr/share/ant/lib/ant-commons-logging.jar:/usr/share/ant/lib/ant-jsch.jar:/usr/share/ant/lib/ant-bootstrap.jar:/usr/share/ant/lib/ant-apache-regexp.jar:/usr/share/ant/lib/ant-testutil.jar" />
    <property name="env.ALLIANCE_TOP" value="/usr/lib64/alliance" />
    <property name="env.QTDIR" value="/usr/lib64/qt-3.3" />
    <property name="ant.library.dir" value="/usr/share/ant/lib" />
    <property name="env.http_proxy" value="http://localhost:3128/" />
    <property name="os.arch" value="amd64" />
    <property name="env.EC2_SECRET_KEY" value="rnv7n6WnzzCMmkTedFWpk0ZNRRbAV1ea0gfiA" />
    <property name="env.TERMCAP" value="SC|screen|VT 100/ANSI X3.64 virtual terminal:\&#xa;&#x9;:DO=\E[%dB:LE=\E[%dD:RI=\E[%dC:UP=\E[%dA:bs:bt=\E[Z:\&#xa;&#x9;:cd=\E[J:ce=\E[K:cl=\E[H\E[J:cm=\E[%i%d;%dH:ct=\E[3g:\&#xa;&#x9;:do=^J:nd=\E[C:pt:rc=\E8:rs=\Ec:sc=\E7:st=\EH:up=\EM:\&#xa;&#x9;:le=^H:bl=^G:cr=^M:it#8:ho=\E[H:nw=\EE:ta=^I:is=\E)0:\&#xa;&#x9;:li#41:co#80:am:xn:xv:LP:sr=\EM:al=\E[L:AL=\E[%dL:\&#xa;&#x9;:cs=\E[%i%d;%dr:dl=\E[M:DL=\E[%dM:dc=\E[P:DC=\E[%dP:\&#xa;&#x9;:im=\E[4h:ei=\E[4l:mi:IC=\E[%d@:ks=\E[?1h\E=:\&#xa;&#x9;:ke=\E[?1l\E&gt;:vi=\E[?25l:ve=\E[34h\E[?25h:vs=\E[34l:\&#xa;&#x9;:ti=\E[?1049h:te=\E[?1049l:us=\E[4m:ue=\E[24m:so=\E[3m:\&#xa;&#x9;:se=\E[23m:mb=\E[5m:md=\E[1m:mr=\E[7m:me=\E[m:ms:\&#xa;&#x9;:Co#8:pa#64:AF=\E[3%dm:AB=\E[4%dm:op=\E[39;49m:AX:\&#xa;&#x9;:vb=\Eg:G0:as=\E(0:ae=\E(B:\&#xa;&#x9;:ac=\140\140aaffggjjkkllmmnnooppqqrrssttuuvvwwxxyyzz{{||}}~~..--++,,hhII00:\&#xa;&#x9;:po=\E[5i:pf=\E[4i:k0=\E[10~:k1=\EOP:k2=\EOQ:k3=\EOR:\&#xa;&#x9;:k4=\EOS:k5=\E[15~:k6=\E[17~:k7=\E[18~:k8=\E[19~:\&#xa;&#x9;:k9=\E[20~:k;=\E[21~:F1=\E[23~:F2=\E[24~:F3=\E[1;2P:\&#xa;&#x9;:F4=\E[1;2Q:F5=\E[1;2R:F6=\E[1;2S:F7=\E[15;2~:\&#xa;&#x9;:F8=\E[17;2~:F9=\E[18;2~:FA=\E[19;2~:kb=:K2=\EOE:\&#xa;&#x9;:kB=\E[Z:kF=\E[1;2B:kR=\E[1;2A:*4=\E[3;2~:*7=\E[1;2F:\&#xa;&#x9;:#2=\E[1;2H:#3=\E[2;2~:#4=\E[1;2D:%c=\E[6;2~:%e=\E[5;2~:\&#xa;&#x9;:%i=\E[1;2C:kh=\E[1~:@1=\E[1~:kH=\E[4~:@7=\E[4~:\&#xa;&#x9;:kN=\E[6~:kP=\E[5~:kI=\E[2~:kD=\E[3~:ku=\EOA:kd=\EOB:\&#xa;&#x9;:kr=\EOC:kl=\EOD:km:" />
    <property name="sun.java.launcher" value="SUN_STANDARD" />
    <property name="env.IMSETTINGS_INTEGRATE_DESKTOP" value="yes" />
    <property name="env.EUCALYPTUS_CERT" value="/home/kronenpj/.euca/cloud-cert.pem" />
    <property name="ant.core.lib" value="/usr/share/java/ant.jar" />
    <property name="java.vm.specification.vendor" value="Sun Microsystems Inc." />
    <property name="env.CCACHE_HASHDIR" value="" />
    <property name="file.separator" value="/" />
    <property name="env.EC2_PRIVATE_KEY" value="/home/kronenpj/.euca/euca2-kronenpj-c0b3f3ed-pk.pem" />
    <property name="java.runtime.version" value="1.6.0_22-b22" />
    <property name="sun.boot.class.path" value="/usr/lib/jvm/java-1.6.0-openjdk-1.6.0.0.x86_64/jre/lib/resources.jar:/usr/lib/jvm/java-1.6.0-openjdk-1.6.0.0.x86_64/jre/lib/rt.jar:/usr/lib/jvm/java-1.6.0-openjdk-1.6.0.0.x86_64/jre/lib/sunrsasign.jar:/usr/lib/jvm/java-1.6.0-openjdk-1.6.0.0.x86_64/jre/lib/jsse.jar:/usr/lib/jvm/java-1.6.0-openjdk-1.6.0.0.x86_64/jre/lib/jce.jar:/usr/lib/jvm/java-1.6.0-openjdk-1.6.0.0.x86_64/jre/lib/charsets.jar:/usr/lib/jvm/java-1.6.0-openjdk-1.6.0.0.x86_64/jre/lib/netx.jar:/usr/lib/jvm/java-1.6.0-openjdk-1.6.0.0.x86_64/jre/lib/plugin.jar:/usr/lib/jvm/java-1.6.0-openjdk-1.6.0.0.x86_64/jre/lib/rhino.jar:/usr/lib/jvm/java-1.6.0-openjdk-1.6.0.0.x86_64/jre/lib/modules/jdk.boot.jar:/usr/lib/jvm/java-1.6.0-openjdk-1.6.0.0.x86_64/jre/classes" />
    <property name="env.SSH_AUTH_SOCK" value="/tmp/keyring-GEaVad/socket.ssh" />
    <property name="env.TPD_GLOBAL" value="/usr/share/toped/" />
    <property name="env.QTINC" value="/usr/lib64/qt-3.3/include" />
    <property name="user.country" value="US" />
    <property name="env.VH_PATSFX" value="pat" />
    <property name="env.SHELL" value="/bin/bash" />
    <property name="env.XPAT_PARAM_NAME" value="/usr/lib64/alliance/etc/xpat.par" />
    <property name="java.vendor" value="Sun Microsystems Inc." />
    <property name="env.IMSETTINGS_MODULE" value="none" />
    <property name="env.MBK_VSS" value="vss" />
    <property name="java.specification.version" value="1.6" />
    <property name="env.GNOME_DESKTOP_SESSION_ID" value="this-is-deprecated" />
    <property name="sun.arch.data.model" value="64" />
  </properties>
  <testcase classname="com.googlecode.iqapps.IQTimeSheetJTest.TimeSheetActivityTest" name="BeforeFirstTest" time="0.001">
    <error message="Forked Java VM exited abnormally. Please note the time in the report does not reflect the time until the VM exit." type="junit.framework.AssertionFailedError">junit.framework.AssertionFailedError: Forked Java VM exited abnormally. Please note the time in the report does not reflect the time until the VM exit.
</error>
  </testcase>
</testsuite>
